2023-05-02 14:50:37,583 INFO:Wrong master Password
2023-05-02 15:02:03,971 INFO:Wrong master Password
2023-05-02 15:13:04,002 INFO:A new password entry has been made for the user 
2023-05-02 15:15:28,436 INFO:Details already exists, Duplicated entries can not be saved in the DataBase 
2023-05-02 15:49:58,537 INFO:Old Configuation has been deleted means all entries in the DB no longer exists
2023-05-02 15:49:58,601 INFO:[green][+] Config deleted![/green]
2023-05-02 15:54:35,970 INFO: New Configuration has been done
2023-05-02 15:54:35,978 INFO: Database has been created
2023-05-02 15:54:55,511 INFO:Generated hash of MASTER PASSWORD
2023-05-02 15:54:55,511 INFO:Device Secret generated
2023-05-02 15:54:55,519 INFO: Configuation is Done and master pasword has been created
2023-05-02 15:55:22,775 INFO: Configuration already exists
2023-05-02 15:56:57,171 INFO:A new password entry has been made for the user 
2023-05-02 15:57:41,788 INFO:A new password entry has been made for the user 
2023-05-02 15:57:50,049 INFO:Details already exists, Duplicated entries can not be saved in the DataBase 
2023-05-02 15:58:49,192 INFO:A new password entry has been made for the user 
2023-05-02 15:59:44,216 INFO:A new password entry has been made for the user 
2023-05-02 16:01:51,843 INFO: Password retrieved 
2023-05-02 17:07:41,016 INFO:A new password entry has been made for the user 
2023-05-02 17:10:48,585 INFO:A new password entry has been made for the user 
2023-05-02 17:18:50,179 INFO:Details already exists, Duplicated entries can not be saved in the DataBase 
2023-05-02 17:19:49,993 INFO:A new password entry has been made for the user 
2023-05-02 17:24:56,987 INFO:A new password entry has been made for the user 
2023-05-02 17:26:50,791 INFO:A new password entry has been made for the user 
2023-05-02 17:31:11,274 INFO:Details already exists, Duplicated entries can not be saved in the DataBase 
2023-05-02 17:32:13,510 INFO:A new password entry has been made for the user 
2023-05-02 17:44:38,431 INFO:A new password entry has been made for the user 
2023-05-02 17:46:22,045 INFO:Can not add the entry because password should be 8 characters long
2023-05-02 17:46:22,045 INFO:Can not add the entry because password should have atleast one lowercase letter
2023-05-02 17:46:25,803 INFO:Can not add the entry because password should be 8 characters long
2023-05-02 17:46:25,803 INFO:Can not add the entry because password should have atleast one lowercase letter
2023-05-02 17:46:28,556 INFO:Can not add the entry because password should be 8 characters long
2023-05-02 17:46:28,556 INFO:Can not add the entry because password should have atleast one lowercase letter
2023-05-02 17:46:49,855 INFO:Can not add the entry because password should be 8 characters long
2023-05-02 17:46:49,855 INFO:Can not add the entry because password should have atleast one lowercase letter
2023-05-02 17:46:49,855 INFO:Can not add the entry because password should have atleast one uppercase letter
2023-05-02 17:46:49,855 INFO:Can not add the entry because password should have atleast one digit
2023-05-02 17:46:49,855 INFO:Can not add the entry because password should have atleast one special character
2023-05-02 17:46:50,467 INFO:A new password entry has been made for the user 
